<?xml version="1.0" encoding="UTF-8"?>
<!-- Generated by org.testng.reporters.JUnitXMLReporter -->
<testsuite ignored="0" hostname="DESKTOP-V4IS0Q1" failures="1" tests="1" name="JSErrorTests" time="3.013" errors="0" timestamp="2022-07-19T14:20:30 CST">
  <testcase classname="com.herokuapp.theinternet.JSErrorTests" name="jsErrorTest" time="1.853">
    <failure type="java.lang.AssertionError" message="The following asserts failed:
	Severe error: https://the-internet.herokuapp.com/javascript_error 6:51 Uncaught TypeError: Cannot read properties of undefined (reading &amp;apos;xyz&amp;apos;)">
      <![CDATA[java.lang.AssertionError: The following asserts failed:
Severe error: https://the-internet.herokuapp.com/javascript_error 6:51 Uncaught TypeError: Cannot read properties of undefined (reading 'xyz')
at com.herokuapp.theinternet.JSErrorTests.jsErrorTest(JSErrorTests.java:34)
at java.base/java.util.ArrayList.forEach(ArrayList.java:1511)
... Removed 29 stack frames]]>
    </failure>
  </testcase> <!-- jsErrorTest -->
</testsuite> <!-- JSErrorTests -->
