<?xml version="1.0" encoding="UTF-8"?>
<!-- Generated by org.testng.reporters.JUnitXMLReporter -->
<testsuite ignored="0" hostname="DESKTOP-V4IS0Q1" failures="1" tests="3" name="AlertsTest" time="29.595" errors="0" timestamp="2022-06-22T15:22:35 CST">
  <testcase classname="com.herokuapp.theinternet.AlertsTests" name="jsAlertTests" time="7.573"/>
  <testcase classname="com.herokuapp.theinternet.AlertsTests" name="jsDismissTest" time="7.366"/>
  <testcase classname="com.herokuapp.theinternet.AlertsTests" name="jsPromptTest" time="9.446">
    <failure type="java.lang.AssertionError" message="The result is not as expected. 
It should be &amp;apos;You entered: Hello Alert, it&amp;apos;s Lyn here&amp;apos;, but it is &amp;apos;You entered: Hello Alert, it&amp;apos;s Lyn here@&amp;apos; expected [true] but found [false]">
      <![CDATA[java.lang.AssertionError: The result is not as expected. 
It should be 'You entered: Hello Alert, it's Lyn here', but it is 'You entered: Hello Alert, it's Lyn here@' expected [true] but found [false]
at com.herokuapp.theinternet.AlertsTests.jsPromptTest(AlertsTests.java:125)
at java.base/java.util.ArrayList.forEach(ArrayList.java:1511)
... Removed 30 stack frames]]>
    </failure>
  </testcase> <!-- jsPromptTest -->
</testsuite> <!-- AlertsTest -->
