<?xml version="1.0" encoding="UTF-8"?>
<!-- Generated by org.testng.reporters.JUnitXMLReporter -->
<testsuite ignored="0" hostname="DESKTOP-V4IS0Q1" failures="0" tests="1" name="DropdownTests-PH" time="0.015" errors="0" timestamp="2022-06-23T02:42:33 CST">
  <testcase classname="com.herokuapp.theinternet.base.BaseTest" name="@BeforeMethod setUp" time="0.002">
    <failure type="java.lang.NoSuchMethodError" message="&amp;apos;org.openqa.selenium.remote.DesiredCapabilities org.openqa.selenium.remote.DesiredCapabilities.phantomjs()&amp;apos;">
      <![CDATA[java.lang.NoSuchMethodError: 'org.openqa.selenium.remote.DesiredCapabilities org.openqa.selenium.remote.DesiredCapabilities.phantomjs()'
at org.openqa.selenium.phantomjs.PhantomJSDriver.<init>(PhantomJSDriver.java:94)
at com.herokuapp.theinternet.base.BrowserDriverFactory.createDriver(BrowserDriverFactory.java:60)
at com.herokuapp.theinternet.base.BaseTest.setUp(BaseTest.java:37)
at java.base/java.util.ArrayList.forEach(ArrayList.java:1511)
... Removed 31 stack frames]]>
    </failure>
  </testcase> <!-- @BeforeMethod setUp -->
  <testcase classname="com.herokuapp.theinternet.base.BaseTest" name="@AfterMethod closeBrowser" time="0.0">
    <failure type="java.lang.NullPointerException" message="Cannot invoke &amp;quot;org.openqa.selenium.WebDriver.quit()&amp;quot; because &amp;quot;this.driver&amp;quot; is null">
      <![CDATA[java.lang.NullPointerException: Cannot invoke "org.openqa.selenium.WebDriver.quit()" because "this.driver" is null
at com.herokuapp.theinternet.base.BaseTest.closeBrowser(BaseTest.java:57)
at java.base/java.util.ArrayList.forEach(ArrayList.java:1511)
... Removed 32 stack frames]]>
    </failure>
  </testcase> <!-- @AfterMethod closeBrowser -->
  <testcase classname="com.herokuapp.theinternet.DropdownTests" name="selectOptionTwoTest" time="0.0">
    <skipped/>
  </testcase> <!-- selectOptionTwoTest -->
</testsuite> <!-- DropdownTests-PH -->
