<?xml version="1.0" encoding="UTF-8"?>
<!-- Generated by org.testng.reporters.JUnitXMLReporter -->
<testsuite ignored="0" hostname="DESKTOP-V4IS0Q1" failures="1" tests="1" name="HorizontalSliderTests" time="11.584" errors="0" timestamp="2022-06-21T22:10:02 CST">
  <testcase classname="com.herokuapp.theinternet.HorizontalSliderTests" name="sliderTest" time="5.989">
    <failure type="java.lang.AssertionError" message="Range is not correct. It is: 5 expected [true] but found [false]">
      <![CDATA[java.lang.AssertionError: Range is not correct. It is: 5 expected [true] but found [false]
at com.herokuapp.theinternet.HorizontalSliderTests.sliderTest(HorizontalSliderTests.java:30)
at java.base/java.util.ArrayList.forEach(ArrayList.java:1511)
... Removed 30 stack frames]]>
    </failure>
  </testcase> <!-- sliderTest -->
</testsuite> <!-- HorizontalSliderTests -->
