<!DOCTYPE html PUBLIC "-//W3C//DTD XHTML 1.1//EN" "https://www.w3.org/TR/xhtml11/DTD/xhtml11.dtd">
<html xmlns="https://www.w3.org/1999/xhtml">
<head>
<meta http-equiv="content-type" content="text/html; charset=UTF-8"/>
<title>TestNG Report</title>
<style type="text/css">table {margin-bottom:10px;border-collapse:collapse;empty-cells:show}th,td {border:1px solid #009;padding:.25em .5em}th {vertical-align:bottom}td {vertical-align:top}table a {font-weight:bold}.stripe td {background-color: #E6EBF9}.num {text-align:right}.passedodd td {background-color: #3F3}.passedeven td {background-color: #0A0}.skippedodd td {background-color: #DDD}.skippedeven td {background-color: #CCC}.failedodd td,.attn {background-color: #F33}.failedeven td,.stripe .attn {background-color: #D00}.stacktrace {white-space:pre;font-family:monospace}.totop {font-size:85%;text-align:center;border-bottom:2px solid #000}.invisible {display:none}</style>
</head>
<body>
<table>
<tr><th>Test</th><th># Passed</th><th># Skipped</th><th># Retried</th><th># Failed</th><th>Time (ms)</th><th>Included Groups</th><th>Excluded Groups</th></tr>
<tr><th colspan="8">LoginTestSuite</th></tr>
<tr><td><a href="#t0">PositiveLogin</a></td><td class="num">1</td><td class="num">0</td><td class="num">0</td><td class="num">0</td><td class="num">15,140</td><td></td><td></td></tr>
<tr class="stripe"><td><a href="#t1">InvalidUsernameTest</a></td><td class="num">0</td><td class="num">0</td><td class="num">0</td><td class="num">0</td><td class="num">0</td><td></td><td></td></tr>
<tr><td><a href="#t2">InvalidPasswordTest</a></td><td class="num">0</td><td class="num">0</td><td class="num">0</td><td class="num">0</td><td class="num">0</td><td></td><td></td></tr>
<tr class="stripe"><td><a href="#t3">CheckboxesTest</a></td><td class="num">2</td><td class="num">0</td><td class="num">0</td><td class="num">0</td><td class="num">13,354</td><td></td><td></td></tr>
<tr><td><a href="#t4">DropdownTest</a></td><td class="num">1</td><td class="num">0</td><td class="num">0</td><td class="num">0</td><td class="num">7,150</td><td></td><td></td></tr>
<tr class="stripe"><td><a href="#t5">AlertsTest</a></td><td class="num">2</td><td class="num">0</td><td class="num">0</td><td class="num attn">1</td><td class="num">27,518</td><td></td><td></td></tr>
<tr><td><a href="#t6">KeyPressesTests</a></td><td class="num">2</td><td class="num">0</td><td class="num">0</td><td class="num">0</td><td class="num">15,798</td><td></td><td></td></tr>
<tr class="stripe"><td><a href="#t7">JSErrorTests</a></td><td class="num">0</td><td class="num">0</td><td class="num">0</td><td class="num attn">1</td><td class="num">3,013</td><td></td><td></td></tr>
<tr><td><a href="#t8">WindowsTests</a></td><td class="num">1</td><td class="num">0</td><td class="num">0</td><td class="num">0</td><td class="num">26,383</td><td></td><td></td></tr>
<tr class="stripe"><td><a href="#t9">EditorTests</a></td><td class="num">1</td><td class="num">0</td><td class="num">0</td><td class="num">0</td><td class="num">28,568</td><td></td><td></td></tr>
<tr><td><a href="#t10">FileUploadTests</a></td><td class="num">3</td><td class="num">0</td><td class="num">0</td><td class="num">0</td><td class="num">30,785</td><td></td><td></td></tr>
<tr><th>Total</th><th class="num">13</th><th class="num">0</th><th class="num">0</th><th class="num attn">2</th><th class="num">167,709</th><th colspan="2"></th></tr>
</table>
<table id='summary'><thead><tr><th>Class</th><th>Method</th><th>Start</th><th>Time (ms)</th></tr></thead><tbody><tr><th colspan="4">LoginTestSuite</th></tr></tbody><tbody id="t0"><tr><th colspan="4">PositiveLogin &#8212; passed</th></tr><tr class="passedeven"><td rowspan="1">com.herokuapp.theinternet.LoginTests</td><td><a href="#m0">positiveLoginTest</a></td><td rowspan="1">1658211555740</td><td rowspan="1">7097</td></tr></tbody>
<tbody id="t1"><tr><th colspan="4" class="invisible"/></tr></tbody>
<tbody id="t2"><tr><th colspan="4" class="invisible"/></tr></tbody>
<tbody id="t3"><tr><th colspan="4">CheckboxesTest &#8212; passed</th></tr><tr class="passedeven"><td rowspan="2">com.herokuapp.theinternet.CheckboxTests</td><td><a href="#m1">selectAllCheckboxesTest</a></td><td rowspan="1">1658211564259</td><td rowspan="1">5288</td></tr><tr class="passedeven"><td><a href="#m2">selectOneCheckboxTest</a></td><td rowspan="1">1658211570870</td><td rowspan="1">5484</td></tr></tbody>
<tbody id="t4"><tr><th colspan="4">DropdownTest &#8212; passed</th></tr><tr class="passedeven"><td rowspan="1">com.herokuapp.theinternet.DropdownTests</td><td><a href="#m3">selectOptionTwoTest</a></td><td rowspan="1">1658211577573</td><td rowspan="1">5932</td></tr></tbody>
<tbody id="t5"><tr><th colspan="4">AlertsTest &#8212; failed</th></tr><tr class="failedeven"><td rowspan="1">com.herokuapp.theinternet.AlertsTests</td><td><a href="#m4">jsPromptTest</a></td><td rowspan="1">1658211602070</td><td rowspan="1">9005</td></tr><tr><th colspan="4">AlertsTest &#8212; passed</th></tr><tr class="passedeven"><td rowspan="2">com.herokuapp.theinternet.AlertsTests</td><td><a href="#m5">jsAlertTests</a></td><td rowspan="1">1658211584740</td><td rowspan="1">7678</td></tr><tr class="passedeven"><td><a href="#m6">jsDismissTest</a></td><td rowspan="1">1658211593959</td><td rowspan="1">6744</td></tr></tbody>
<tbody id="t6"><tr><th colspan="4">KeyPressesTests &#8212; passed</th></tr><tr class="passedeven"><td rowspan="2">com.herokuapp.theinternet.KeyPressesTests</td><td><a href="#m7">pressKeyTest</a></td><td rowspan="1">1658211612345</td><td rowspan="1">5763</td></tr><tr class="passedeven"><td><a href="#m8">pressKeyWithActionsTest</a></td><td rowspan="1">1658211619380</td><td rowspan="1">7262</td></tr></tbody>
<tbody id="t7"><tr><th colspan="4">JSErrorTests &#8212; failed</th></tr><tr class="failedeven"><td rowspan="1">com.herokuapp.theinternet.JSErrorTests</td><td><a href="#m9">jsErrorTest</a></td><td rowspan="1">1658211627987</td><td rowspan="1">1853</td></tr></tbody>
<tbody id="t8"><tr><th colspan="4">WindowsTests &#8212; passed</th></tr><tr class="passedeven"><td rowspan="1">com.herokuapp.theinternet.WindowsTests</td><td><a href="#m10">newWindowTest</a></td><td rowspan="1">1658211642549</td><td rowspan="1">13064</td></tr></tbody>
<tbody id="t9"><tr><th colspan="4">EditorTests &#8212; passed</th></tr><tr class="passedeven"><td rowspan="1">com.herokuapp.theinternet.EditorTests</td><td><a href="#m11">defaultEditorValueTest</a></td><td rowspan="1">1658211660200</td><td rowspan="1">24042</td></tr></tbody>
<tbody id="t10"><tr><th colspan="4">FileUploadTests &#8212; passed</th></tr><tr class="passedeven"><td rowspan="3">com.herokuapp.theinternet.FileUploadTests</td><td><a href="#m12">imageUploadTest</a></td><td rowspan="1">1658211686334</td><td rowspan="1">8426</td></tr><tr class="passedeven"><td><a href="#m13">uploadWithDataProviderTest</a></td><td rowspan="2">1658211696230</td><td rowspan="2">8786</td></tr><tr class="passedeven"><td><a href="#m14">uploadWithDataProviderTest</a></td></tr></tbody>
</table>
<h2>PositiveLogin</h2><h3 id="m0">com.herokuapp.theinternet.LoginTests#positiveLoginTest</h3><table class="result"><tr class="param"><th>Parameter #1</th><th>Parameter #2</th><th>Parameter #3</th><th>Parameter #4</th></tr><tr class="param stripe"><td>tomsmith</td><td>SuperSecretPassword!</td><td>https://the-internet.herokuapp.com/secure</td><td>You logged into a secure area!</td></tr></table><p class="totop"><a href="#summary">back to summary</a></p>
<h2>InvalidUsernameTest</h2><h2>InvalidPasswordTest</h2><h2>CheckboxesTest</h2><h3 id="m1">com.herokuapp.theinternet.CheckboxTests#selectAllCheckboxesTest</h3><table class="result"><tr><th class="invisible"/></tr></table><p class="totop"><a href="#summary">back to summary</a></p>
<h3 id="m2">com.herokuapp.theinternet.CheckboxTests#selectOneCheckboxTest</h3><table class="result"><tr><th class="invisible"/></tr></table><p class="totop"><a href="#summary">back to summary</a></p>
<h2>DropdownTest</h2><h3 id="m3">com.herokuapp.theinternet.DropdownTests#selectOptionTwoTest</h3><table class="result"><tr><th class="invisible"/></tr></table><p class="totop"><a href="#summary">back to summary</a></p>
<h2>AlertsTest</h2><h3 id="m4">com.herokuapp.theinternet.AlertsTests#jsPromptTest</h3><table class="result"><tr><th>Exception</th></tr><tr><td><div class="stacktrace">java.lang.AssertionError: The result is not as expected. 
It should be &apos;You entered: Hello Alert, it&apos;s Lyn here&apos;, but it is &apos;You entered: Hello Alert, it&apos;s Lyn here@&apos; expected [true] but found [false]
	at com.herokuapp.theinternet.AlertsTests.jsPromptTest(AlertsTests.java:125)
	at java.base/java.util.ArrayList.forEach(ArrayList.java:1511)
... Removed 30 stack frames</div></td></tr></table><p class="totop"><a href="#summary">back to summary</a></p>
<h3 id="m5">com.herokuapp.theinternet.AlertsTests#jsAlertTests</h3><table class="result"><tr><th class="invisible"/></tr></table><p class="totop"><a href="#summary">back to summary</a></p>
<h3 id="m6">com.herokuapp.theinternet.AlertsTests#jsDismissTest</h3><table class="result"><tr><th class="invisible"/></tr></table><p class="totop"><a href="#summary">back to summary</a></p>
<h2>KeyPressesTests</h2><h3 id="m7">com.herokuapp.theinternet.KeyPressesTests#pressKeyTest</h3><table class="result"><tr><th class="invisible"/></tr></table><p class="totop"><a href="#summary">back to summary</a></p>
<h3 id="m8">com.herokuapp.theinternet.KeyPressesTests#pressKeyWithActionsTest</h3><table class="result"><tr><th class="invisible"/></tr></table><p class="totop"><a href="#summary">back to summary</a></p>
<h2>JSErrorTests</h2><h3 id="m9">com.herokuapp.theinternet.JSErrorTests#jsErrorTest</h3><table class="result"><tr><th>Exception</th></tr><tr><td><div class="stacktrace">java.lang.AssertionError: The following asserts failed:
	Severe error: https://the-internet.herokuapp.com/javascript_error 6:51 Uncaught TypeError: Cannot read properties of undefined (reading &apos;xyz&apos;)
	at com.herokuapp.theinternet.JSErrorTests.jsErrorTest(JSErrorTests.java:34)
	at java.base/java.util.ArrayList.forEach(ArrayList.java:1511)
... Removed 29 stack frames</div></td></tr></table><p class="totop"><a href="#summary">back to summary</a></p>
<h2>WindowsTests</h2><h3 id="m10">com.herokuapp.theinternet.WindowsTests#newWindowTest</h3><table class="result"><tr><th class="invisible"/></tr></table><p class="totop"><a href="#summary">back to summary</a></p>
<h2>EditorTests</h2><h3 id="m11">com.herokuapp.theinternet.EditorTests#defaultEditorValueTest</h3><table class="result"><tr><th class="invisible"/></tr></table><p class="totop"><a href="#summary">back to summary</a></p>
<h2>FileUploadTests</h2><h3 id="m12">com.herokuapp.theinternet.FileUploadTests#imageUploadTest</h3><table class="result"><tr><th class="invisible"/></tr></table><p class="totop"><a href="#summary">back to summary</a></p>
<h3 id="m13">com.herokuapp.theinternet.FileUploadTests#uploadWithDataProviderTest</h3><table class="result"><tr class="param"><th>Parameter #1</th><th>Parameter #2</th></tr><tr class="param stripe"><td>1</td><td>Moscato.jpg</td></tr></table><p class="totop"><a href="#summary">back to summary</a></p>
<h3 id="m14">com.herokuapp.theinternet.FileUploadTests#uploadWithDataProviderTest</h3><table class="result"><tr class="param"><th>Parameter #1</th><th>Parameter #2</th></tr><tr class="param stripe"><td>2</td><td>sampletxt.txt</td></tr></table><p class="totop"><a href="#summary">back to summary</a></p>
</body>
</html>
