<?xml version="1.0" encoding="UTF-8"?>
<testng-results ignored="5" total="20" passed="13" failed="2" skipped="0">
  <reporter-output>
  </reporter-output>
  <suite started-at="2022-07-19T14:19:08 CST" name="LoginTestSuite" finished-at="2022-07-19T14:21:55 CST" duration-ms="167785">
    <groups>
    </groups>
    <test started-at="2022-07-19T14:19:08 CST" name="PositiveLogin" finished-at="2022-07-19T14:19:23 CST" duration-ms="15140">
      <class name="com.herokuapp.theinternet.LoginTests">
        <test-method is-config="true" signature="setUp(java.lang.reflect.Method,java.lang.String,java.lang.String,org.testng.ITestContext)[pri:0, instance:com.herokuapp.theinternet.LoginTests@28975c28]" started-at="2022-07-19T14:19:08 CST" name="setUp" finished-at="2022-07-19T14:19:15 CST" duration-ms="6761" status="PASS">
          <params>
            <param index="0">
              <value>
                <![CDATA[public void com.herokuapp.theinternet.LoginTests.positiveLoginTest(java.lang.String,java.lang.String,java.lang.String,java.lang.String)]]>
              </value>
            </param>
            <param index="1">
              <value>
                <![CDATA[Chrome]]>
              </value>
            </param>
            <param index="2">
              <value is-null="true"/>
            </param>
            <param index="3">
              <value>
                <![CDATA[org.testng.TestRunner@4536a715]]>
              </value>
            </param>
          </params>
          <reporter-output>
          </reporter-output>
        </test-method> <!-- setUp -->
        <test-method signature="positiveLoginTest(java.lang.String,java.lang.String,java.lang.String,java.lang.String)[pri:1, instance:com.herokuapp.theinternet.LoginTests@28975c28]" started-at="2022-07-19T14:19:15 CST" name="positiveLoginTest" finished-at="2022-07-19T14:19:22 CST" duration-ms="7097" status="PASS">
          <params>
            <param index="0">
              <value>
                <![CDATA[tomsmith]]>
              </value>
            </param>
            <param index="1">
              <value>
                <![CDATA[SuperSecretPassword!]]>
              </value>
            </param>
            <param index="2">
              <value>
                <![CDATA[https://the-internet.herokuapp.com/secure]]>
              </value>
            </param>
            <param index="3">
              <value>
                <![CDATA[You logged into a secure area!]]>
              </value>
            </param>
          </params>
          <reporter-output>
          </reporter-output>
        </test-method> <!-- positiveLoginTest -->
        <test-method is-config="true" signature="closeBrowser()[pri:0, instance:com.herokuapp.theinternet.LoginTests@28975c28]" started-at="2022-07-19T14:19:22 CST" name="closeBrowser" finished-at="2022-07-19T14:19:23 CST" duration-ms="361" status="PASS">
          <reporter-output>
          </reporter-output>
        </test-method> <!-- closeBrowser -->
      </class> <!-- com.herokuapp.theinternet.LoginTests -->
    </test> <!-- PositiveLogin -->
    <test started-at="2022-07-19T14:19:23 CST" name="InvalidUsernameTest" finished-at="2022-07-19T14:19:23 CST" duration-ms="0">
    </test> <!-- InvalidUsernameTest -->
    <test started-at="2022-07-19T14:19:23 CST" name="InvalidPasswordTest" finished-at="2022-07-19T14:19:23 CST" duration-ms="0">
    </test> <!-- InvalidPasswordTest -->
    <test started-at="2022-07-19T14:19:23 CST" name="CheckboxesTest" finished-at="2022-07-19T14:19:36 CST" duration-ms="13354">
      <class name="com.herokuapp.theinternet.CheckboxTests">
        <test-method is-config="true" signature="setUp(java.lang.reflect.Method,java.lang.String,java.lang.String,org.testng.ITestContext)[pri:0, instance:com.herokuapp.theinternet.CheckboxTests@1e6454ec]" started-at="2022-07-19T14:19:23 CST" name="setUp" finished-at="2022-07-19T14:19:24 CST" duration-ms="1013" status="PASS">
          <params>
            <param index="0">
              <value>
                <![CDATA[public void com.herokuapp.theinternet.CheckboxTests.selectAllCheckboxesTest()]]>
              </value>
            </param>
            <param index="1">
              <value>
                <![CDATA[Chrome]]>
              </value>
            </param>
            <param index="2">
              <value is-null="true"/>
            </param>
            <param index="3">
              <value>
                <![CDATA[org.testng.TestRunner@6658f08a]]>
              </value>
            </param>
          </params>
          <reporter-output>
          </reporter-output>
        </test-method> <!-- setUp -->
        <test-method signature="selectAllCheckboxesTest()[pri:1, instance:com.herokuapp.theinternet.CheckboxTests@1e6454ec]" started-at="2022-07-19T14:19:24 CST" name="selectAllCheckboxesTest" finished-at="2022-07-19T14:19:29 CST" duration-ms="5288" status="PASS">
          <reporter-output>
          </reporter-output>
        </test-method> <!-- selectAllCheckboxesTest -->
        <test-method is-config="true" signature="closeBrowser()[pri:0, instance:com.herokuapp.theinternet.CheckboxTests@1e6454ec]" started-at="2022-07-19T14:19:29 CST" name="closeBrowser" finished-at="2022-07-19T14:19:29 CST" duration-ms="285" status="PASS">
          <reporter-output>
          </reporter-output>
        </test-method> <!-- closeBrowser -->
        <test-method is-config="true" signature="setUp(java.lang.reflect.Method,java.lang.String,java.lang.String,org.testng.ITestContext)[pri:0, instance:com.herokuapp.theinternet.CheckboxTests@1e6454ec]" started-at="2022-07-19T14:19:29 CST" name="setUp" finished-at="2022-07-19T14:19:30 CST" duration-ms="1035" status="PASS">
          <params>
            <param index="0">
              <value>
                <![CDATA[public void com.herokuapp.theinternet.CheckboxTests.selectOneCheckboxTest()]]>
              </value>
            </param>
            <param index="1">
              <value>
                <![CDATA[Chrome]]>
              </value>
            </param>
            <param index="2">
              <value is-null="true"/>
            </param>
            <param index="3">
              <value>
                <![CDATA[org.testng.TestRunner@6658f08a]]>
              </value>
            </param>
          </params>
          <reporter-output>
          </reporter-output>
        </test-method> <!-- setUp -->
        <test-method signature="selectOneCheckboxTest()[pri:2, instance:com.herokuapp.theinternet.CheckboxTests@1e6454ec]" started-at="2022-07-19T14:19:30 CST" name="selectOneCheckboxTest" finished-at="2022-07-19T14:19:36 CST" duration-ms="5484" status="PASS">
          <reporter-output>
          </reporter-output>
        </test-method> <!-- selectOneCheckboxTest -->
        <test-method is-config="true" signature="closeBrowser()[pri:0, instance:com.herokuapp.theinternet.CheckboxTests@1e6454ec]" started-at="2022-07-19T14:19:36 CST" name="closeBrowser" finished-at="2022-07-19T14:19:36 CST" duration-ms="243" status="PASS">
          <reporter-output>
          </reporter-output>
        </test-method> <!-- closeBrowser -->
      </class> <!-- com.herokuapp.theinternet.CheckboxTests -->
    </test> <!-- CheckboxesTest -->
    <test started-at="2022-07-19T14:19:36 CST" name="DropdownTest" finished-at="2022-07-19T14:19:43 CST" duration-ms="7150">
      <class name="com.herokuapp.theinternet.DropdownTests">
        <test-method is-config="true" signature="setUp(java.lang.reflect.Method,java.lang.String,java.lang.String,org.testng.ITestContext)[pri:0, instance:com.herokuapp.theinternet.DropdownTests@1cbb87f3]" started-at="2022-07-19T14:19:36 CST" name="setUp" finished-at="2022-07-19T14:19:37 CST" duration-ms="968" status="PASS">
          <params>
            <param index="0">
              <value>
                <![CDATA[public void com.herokuapp.theinternet.DropdownTests.selectOptionTwoTest()]]>
              </value>
            </param>
            <param index="1">
              <value>
                <![CDATA[Chrome]]>
              </value>
            </param>
            <param index="2">
              <value is-null="true"/>
            </param>
            <param index="3">
              <value>
                <![CDATA[org.testng.TestRunner@37c2f0b4]]>
              </value>
            </param>
          </params>
          <reporter-output>
          </reporter-output>
        </test-method> <!-- setUp -->
        <test-method signature="selectOptionTwoTest()[pri:0, instance:com.herokuapp.theinternet.DropdownTests@1cbb87f3]" started-at="2022-07-19T14:19:37 CST" name="selectOptionTwoTest" finished-at="2022-07-19T14:19:43 CST" duration-ms="5932" status="PASS">
          <reporter-output>
          </reporter-output>
        </test-method> <!-- selectOptionTwoTest -->
        <test-method is-config="true" signature="closeBrowser()[pri:0, instance:com.herokuapp.theinternet.DropdownTests@1cbb87f3]" started-at="2022-07-19T14:19:43 CST" name="closeBrowser" finished-at="2022-07-19T14:19:43 CST" duration-ms="247" status="PASS">
          <reporter-output>
          </reporter-output>
        </test-method> <!-- closeBrowser -->
      </class> <!-- com.herokuapp.theinternet.DropdownTests -->
    </test> <!-- DropdownTest -->
    <test started-at="2022-07-19T14:19:43 CST" name="AlertsTest" finished-at="2022-07-19T14:20:11 CST" duration-ms="27518">
      <class name="com.herokuapp.theinternet.AlertsTests">
        <test-method is-config="true" signature="setUp(java.lang.reflect.Method,java.lang.String,java.lang.String,org.testng.ITestContext)[pri:0, instance:com.herokuapp.theinternet.AlertsTests@5f9b2141]" started-at="2022-07-19T14:19:43 CST" name="setUp" finished-at="2022-07-19T14:19:44 CST" duration-ms="978" status="PASS">
          <params>
            <param index="0">
              <value>
                <![CDATA[public void com.herokuapp.theinternet.AlertsTests.jsAlertTests()]]>
              </value>
            </param>
            <param index="1">
              <value>
                <![CDATA[Chrome]]>
              </value>
            </param>
            <param index="2">
              <value is-null="true"/>
            </param>
            <param index="3">
              <value>
                <![CDATA[org.testng.TestRunner@35dcd032]]>
              </value>
            </param>
          </params>
          <reporter-output>
          </reporter-output>
        </test-method> <!-- setUp -->
        <test-method signature="jsAlertTests()[pri:1, instance:com.herokuapp.theinternet.AlertsTests@5f9b2141]" started-at="2022-07-19T14:19:44 CST" name="jsAlertTests" finished-at="2022-07-19T14:19:52 CST" duration-ms="7678" status="PASS">
          <reporter-output>
          </reporter-output>
        </test-method> <!-- jsAlertTests -->
        <test-method is-config="true" signature="closeBrowser()[pri:0, instance:com.herokuapp.theinternet.AlertsTests@5f9b2141]" started-at="2022-07-19T14:19:52 CST" name="closeBrowser" finished-at="2022-07-19T14:19:52 CST" duration-ms="231" status="PASS">
          <reporter-output>
          </reporter-output>
        </test-method> <!-- closeBrowser -->
        <test-method is-config="true" signature="setUp(java.lang.reflect.Method,java.lang.String,java.lang.String,org.testng.ITestContext)[pri:0, instance:com.herokuapp.theinternet.AlertsTests@5f9b2141]" started-at="2022-07-19T14:19:52 CST" name="setUp" finished-at="2022-07-19T14:19:53 CST" duration-ms="1310" status="PASS">
          <params>
            <param index="0">
              <value>
                <![CDATA[public void com.herokuapp.theinternet.AlertsTests.jsDismissTest()]]>
              </value>
            </param>
            <param index="1">
              <value>
                <![CDATA[Chrome]]>
              </value>
            </param>
            <param index="2">
              <value is-null="true"/>
            </param>
            <param index="3">
              <value>
                <![CDATA[org.testng.TestRunner@35dcd032]]>
              </value>
            </param>
          </params>
          <reporter-output>
          </reporter-output>
        </test-method> <!-- setUp -->
        <test-method signature="jsDismissTest()[pri:2, instance:com.herokuapp.theinternet.AlertsTests@5f9b2141]" started-at="2022-07-19T14:19:53 CST" name="jsDismissTest" finished-at="2022-07-19T14:20:00 CST" duration-ms="6744" status="PASS">
          <reporter-output>
          </reporter-output>
        </test-method> <!-- jsDismissTest -->
        <test-method is-config="true" signature="closeBrowser()[pri:0, instance:com.herokuapp.theinternet.AlertsTests@5f9b2141]" started-at="2022-07-19T14:20:00 CST" name="closeBrowser" finished-at="2022-07-19T14:20:00 CST" duration-ms="286" status="PASS">
          <reporter-output>
          </reporter-output>
        </test-method> <!-- closeBrowser -->
        <test-method is-config="true" signature="setUp(java.lang.reflect.Method,java.lang.String,java.lang.String,org.testng.ITestContext)[pri:0, instance:com.herokuapp.theinternet.AlertsTests@5f9b2141]" started-at="2022-07-19T14:20:00 CST" name="setUp" finished-at="2022-07-19T14:20:02 CST" duration-ms="1080" status="PASS">
          <params>
            <param index="0">
              <value>
                <![CDATA[public void com.herokuapp.theinternet.AlertsTests.jsPromptTest()]]>
              </value>
            </param>
            <param index="1">
              <value>
                <![CDATA[Chrome]]>
              </value>
            </param>
            <param index="2">
              <value is-null="true"/>
            </param>
            <param index="3">
              <value>
                <![CDATA[org.testng.TestRunner@35dcd032]]>
              </value>
            </param>
          </params>
          <reporter-output>
          </reporter-output>
        </test-method> <!-- setUp -->
        <test-method signature="jsPromptTest()[pri:3, instance:com.herokuapp.theinternet.AlertsTests@5f9b2141]" started-at="2022-07-19T14:20:02 CST" name="jsPromptTest" finished-at="2022-07-19T14:20:11 CST" duration-ms="9005" status="FAIL">
          <exception class="java.lang.AssertionError">
            <message>
              <![CDATA[The result is not as expected. 
It should be 'You entered: Hello Alert, it's Lyn here', but it is 'You entered: Hello Alert, it's Lyn here@' expected [true] but found [false]]]>
            </message>
            <full-stacktrace>
              <![CDATA[java.lang.AssertionError: The result is not as expected. 
It should be 'You entered: Hello Alert, it's Lyn here', but it is 'You entered: Hello Alert, it's Lyn here@' expected [true] but found [false]
at org.testng.Assert.fail(Assert.java:110)
at org.testng.Assert.failNotEquals(Assert.java:1413)
at org.testng.Assert.assertTrue(Assert.java:56)
at com.herokuapp.theinternet.AlertsTests.jsPromptTest(AlertsTests.java:125)
at java.base/jdk.internal.reflect.NativeMethodAccessorImpl.invoke0(Native Method)
at java.base/jdk.internal.reflect.NativeMethodAccessorImpl.invoke(NativeMethodAccessorImpl.java:77)
at java.base/jdk.internal.reflect.DelegatingMethodAccessorImpl.invoke(DelegatingMethodAccessorImpl.java:43)
at java.base/java.lang.reflect.Method.invoke(Method.java:568)
at org.testng.internal.invokers.MethodInvocationHelper.invokeMethod(MethodInvocationHelper.java:139)
at org.testng.internal.invokers.TestInvoker.invokeMethod(TestInvoker.java:677)
at org.testng.internal.invokers.TestInvoker.invokeTestMethod(TestInvoker.java:221)
at org.testng.internal.invokers.MethodRunner.runInSequence(MethodRunner.java:50)
at org.testng.internal.invokers.TestInvoker$MethodInvocationAgent.invoke(TestInvoker.java:962)
at org.testng.internal.invokers.TestInvoker.invokeTestMethods(TestInvoker.java:194)
at org.testng.internal.invokers.TestMethodWorker.invokeTestMethods(TestMethodWorker.java:148)
at org.testng.internal.invokers.TestMethodWorker.run(TestMethodWorker.java:128)
at java.base/java.util.ArrayList.forEach(ArrayList.java:1511)
at org.testng.TestRunner.privateRun(TestRunner.java:806)
at org.testng.TestRunner.run(TestRunner.java:601)
at org.testng.SuiteRunner.runTest(SuiteRunner.java:433)
at org.testng.SuiteRunner.runSequentially(SuiteRunner.java:427)
at org.testng.SuiteRunner.privateRun(SuiteRunner.java:387)
at org.testng.SuiteRunner.run(SuiteRunner.java:330)
at org.testng.SuiteRunnerWorker.runSuite(SuiteRunnerWorker.java:52)
at org.testng.SuiteRunnerWorker.run(SuiteRunnerWorker.java:95)
at org.testng.TestNG.runSuitesSequentially(TestNG.java:1256)
at org.testng.TestNG.runSuitesLocally(TestNG.java:1176)
at org.testng.TestNG.runSuites(TestNG.java:1099)
at org.testng.TestNG.run(TestNG.java:1067)
at org.testng.remote.AbstractRemoteTestNG.run(AbstractRemoteTestNG.java:115)
at org.testng.remote.RemoteTestNG.initAndRun(RemoteTestNG.java:251)
at org.testng.remote.RemoteTestNG.main(RemoteTestNG.java:77)
]]>
            </full-stacktrace>
          </exception> <!-- java.lang.AssertionError -->
          <reporter-output>
          </reporter-output>
        </test-method> <!-- jsPromptTest -->
        <test-method is-config="true" signature="closeBrowser()[pri:0, instance:com.herokuapp.theinternet.AlertsTests@5f9b2141]" started-at="2022-07-19T14:20:11 CST" name="closeBrowser" finished-at="2022-07-19T14:20:11 CST" duration-ms="203" status="PASS">
          <reporter-output>
          </reporter-output>
        </test-method> <!-- closeBrowser -->
      </class> <!-- com.herokuapp.theinternet.AlertsTests -->
    </test> <!-- AlertsTest -->
    <test started-at="2022-07-19T14:20:11 CST" name="KeyPressesTests" finished-at="2022-07-19T14:20:27 CST" duration-ms="15798">
      <class name="com.herokuapp.theinternet.KeyPressesTests">
        <test-method is-config="true" signature="setUp(java.lang.reflect.Method,java.lang.String,java.lang.String,org.testng.ITestContext)[pri:0, instance:com.herokuapp.theinternet.KeyPressesTests@193f604a]" started-at="2022-07-19T14:20:11 CST" name="setUp" finished-at="2022-07-19T14:20:12 CST" duration-ms="1067" status="PASS">
          <params>
            <param index="0">
              <value>
                <![CDATA[public void com.herokuapp.theinternet.KeyPressesTests.pressKeyTest()]]>
              </value>
            </param>
            <param index="1">
              <value>
                <![CDATA[Chrome]]>
              </value>
            </param>
            <param index="2">
              <value is-null="true"/>
            </param>
            <param index="3">
              <value>
                <![CDATA[org.testng.TestRunner@4522d793]]>
              </value>
            </param>
          </params>
          <reporter-output>
          </reporter-output>
        </test-method> <!-- setUp -->
        <test-method signature="pressKeyTest()[pri:1, instance:com.herokuapp.theinternet.KeyPressesTests@193f604a]" started-at="2022-07-19T14:20:12 CST" name="pressKeyTest" finished-at="2022-07-19T14:20:18 CST" duration-ms="5763" status="PASS">
          <reporter-output>
          </reporter-output>
        </test-method> <!-- pressKeyTest -->
        <test-method is-config="true" signature="closeBrowser()[pri:0, instance:com.herokuapp.theinternet.KeyPressesTests@193f604a]" started-at="2022-07-19T14:20:18 CST" name="closeBrowser" finished-at="2022-07-19T14:20:18 CST" duration-ms="242" status="PASS">
          <reporter-output>
          </reporter-output>
        </test-method> <!-- closeBrowser -->
        <test-method is-config="true" signature="setUp(java.lang.reflect.Method,java.lang.String,java.lang.String,org.testng.ITestContext)[pri:0, instance:com.herokuapp.theinternet.KeyPressesTests@193f604a]" started-at="2022-07-19T14:20:18 CST" name="setUp" finished-at="2022-07-19T14:20:19 CST" duration-ms="1028" status="PASS">
          <params>
            <param index="0">
              <value>
                <![CDATA[public void com.herokuapp.theinternet.KeyPressesTests.pressKeyWithActionsTest()]]>
              </value>
            </param>
            <param index="1">
              <value>
                <![CDATA[Chrome]]>
              </value>
            </param>
            <param index="2">
              <value is-null="true"/>
            </param>
            <param index="3">
              <value>
                <![CDATA[org.testng.TestRunner@4522d793]]>
              </value>
            </param>
          </params>
          <reporter-output>
          </reporter-output>
        </test-method> <!-- setUp -->
        <test-method signature="pressKeyWithActionsTest()[pri:2, instance:com.herokuapp.theinternet.KeyPressesTests@193f604a]" started-at="2022-07-19T14:20:19 CST" name="pressKeyWithActionsTest" finished-at="2022-07-19T14:20:26 CST" duration-ms="7262" status="PASS">
          <reporter-output>
          </reporter-output>
        </test-method> <!-- pressKeyWithActionsTest -->
        <test-method is-config="true" signature="closeBrowser()[pri:0, instance:com.herokuapp.theinternet.KeyPressesTests@193f604a]" started-at="2022-07-19T14:20:26 CST" name="closeBrowser" finished-at="2022-07-19T14:20:27 CST" duration-ms="432" status="PASS">
          <reporter-output>
          </reporter-output>
        </test-method> <!-- closeBrowser -->
      </class> <!-- com.herokuapp.theinternet.KeyPressesTests -->
    </test> <!-- KeyPressesTests -->
    <test started-at="2022-07-19T14:20:27 CST" name="JSErrorTests" finished-at="2022-07-19T14:20:30 CST" duration-ms="3013">
      <class name="com.herokuapp.theinternet.JSErrorTests">
        <test-method is-config="true" signature="setUp(java.lang.reflect.Method,java.lang.String,java.lang.String,org.testng.ITestContext)[pri:0, instance:com.herokuapp.theinternet.JSErrorTests@29d89d5d]" started-at="2022-07-19T14:20:27 CST" name="setUp" finished-at="2022-07-19T14:20:27 CST" duration-ms="906" status="PASS">
          <params>
            <param index="0">
              <value>
                <![CDATA[public void com.herokuapp.theinternet.JSErrorTests.jsErrorTest()]]>
              </value>
            </param>
            <param index="1">
              <value>
                <![CDATA[Chrome]]>
              </value>
            </param>
            <param index="2">
              <value is-null="true"/>
            </param>
            <param index="3">
              <value>
                <![CDATA[org.testng.TestRunner@64dfb31d]]>
              </value>
            </param>
          </params>
          <reporter-output>
          </reporter-output>
        </test-method> <!-- setUp -->
        <test-method signature="jsErrorTest()[pri:0, instance:com.herokuapp.theinternet.JSErrorTests@29d89d5d]" started-at="2022-07-19T14:20:27 CST" name="jsErrorTest" finished-at="2022-07-19T14:20:29 CST" duration-ms="1853" status="FAIL">
          <exception class="java.lang.AssertionError">
            <message>
              <![CDATA[The following asserts failed:
Severe error: https://the-internet.herokuapp.com/javascript_error 6:51 Uncaught TypeError: Cannot read properties of undefined (reading 'xyz')]]>
            </message>
            <full-stacktrace>
              <![CDATA[java.lang.AssertionError: The following asserts failed:
Severe error: https://the-internet.herokuapp.com/javascript_error 6:51 Uncaught TypeError: Cannot read properties of undefined (reading 'xyz')
at org.testng.asserts.SoftAssert.assertAll(SoftAssert.java:46)
at org.testng.asserts.SoftAssert.assertAll(SoftAssert.java:30)
at com.herokuapp.theinternet.JSErrorTests.jsErrorTest(JSErrorTests.java:34)
at java.base/jdk.internal.reflect.NativeMethodAccessorImpl.invoke0(Native Method)
at java.base/jdk.internal.reflect.NativeMethodAccessorImpl.invoke(NativeMethodAccessorImpl.java:77)
at java.base/jdk.internal.reflect.DelegatingMethodAccessorImpl.invoke(DelegatingMethodAccessorImpl.java:43)
at java.base/java.lang.reflect.Method.invoke(Method.java:568)
at org.testng.internal.invokers.MethodInvocationHelper.invokeMethod(MethodInvocationHelper.java:139)
at org.testng.internal.invokers.TestInvoker.invokeMethod(TestInvoker.java:677)
at org.testng.internal.invokers.TestInvoker.invokeTestMethod(TestInvoker.java:221)
at org.testng.internal.invokers.MethodRunner.runInSequence(MethodRunner.java:50)
at org.testng.internal.invokers.TestInvoker$MethodInvocationAgent.invoke(TestInvoker.java:962)
at org.testng.internal.invokers.TestInvoker.invokeTestMethods(TestInvoker.java:194)
at org.testng.internal.invokers.TestMethodWorker.invokeTestMethods(TestMethodWorker.java:148)
at org.testng.internal.invokers.TestMethodWorker.run(TestMethodWorker.java:128)
at java.base/java.util.ArrayList.forEach(ArrayList.java:1511)
at org.testng.TestRunner.privateRun(TestRunner.java:806)
at org.testng.TestRunner.run(TestRunner.java:601)
at org.testng.SuiteRunner.runTest(SuiteRunner.java:433)
at org.testng.SuiteRunner.runSequentially(SuiteRunner.java:427)
at org.testng.SuiteRunner.privateRun(SuiteRunner.java:387)
at org.testng.SuiteRunner.run(SuiteRunner.java:330)
at org.testng.SuiteRunnerWorker.runSuite(SuiteRunnerWorker.java:52)
at org.testng.SuiteRunnerWorker.run(SuiteRunnerWorker.java:95)
at org.testng.TestNG.runSuitesSequentially(TestNG.java:1256)
at org.testng.TestNG.runSuitesLocally(TestNG.java:1176)
at org.testng.TestNG.runSuites(TestNG.java:1099)
at org.testng.TestNG.run(TestNG.java:1067)
at org.testng.remote.AbstractRemoteTestNG.run(AbstractRemoteTestNG.java:115)
at org.testng.remote.RemoteTestNG.initAndRun(RemoteTestNG.java:251)
at org.testng.remote.RemoteTestNG.main(RemoteTestNG.java:77)
]]>
            </full-stacktrace>
          </exception> <!-- java.lang.AssertionError -->
          <reporter-output>
          </reporter-output>
        </test-method> <!-- jsErrorTest -->
        <test-method is-config="true" signature="closeBrowser()[pri:0, instance:com.herokuapp.theinternet.JSErrorTests@29d89d5d]" started-at="2022-07-19T14:20:29 CST" name="closeBrowser" finished-at="2022-07-19T14:20:30 CST" duration-ms="250" status="PASS">
          <reporter-output>
          </reporter-output>
        </test-method> <!-- closeBrowser -->
      </class> <!-- com.herokuapp.theinternet.JSErrorTests -->
    </test> <!-- JSErrorTests -->
    <test started-at="2022-07-19T14:20:30 CST" name="WindowsTests" finished-at="2022-07-19T14:20:56 CST" duration-ms="26383">
      <class name="com.herokuapp.theinternet.WindowsTests">
        <test-method is-config="true" signature="setUp(java.lang.reflect.Method,java.lang.String,java.lang.String,org.testng.ITestContext)[pri:0, instance:com.herokuapp.theinternet.WindowsTests@37654521]" started-at="2022-07-19T14:20:30 CST" name="setUp" finished-at="2022-07-19T14:20:42 CST" duration-ms="12441" status="PASS">
          <params>
            <param index="0">
              <value>
                <![CDATA[public void com.herokuapp.theinternet.WindowsTests.newWindowTest()]]>
              </value>
            </param>
            <param index="1">
              <value>
                <![CDATA[Firefox]]>
              </value>
            </param>
            <param index="2">
              <value is-null="true"/>
            </param>
            <param index="3">
              <value>
                <![CDATA[org.testng.TestRunner@4438b862]]>
              </value>
            </param>
          </params>
          <reporter-output>
          </reporter-output>
        </test-method> <!-- setUp -->
        <test-method signature="newWindowTest()[pri:0, instance:com.herokuapp.theinternet.WindowsTests@37654521]" started-at="2022-07-19T14:20:42 CST" name="newWindowTest" finished-at="2022-07-19T14:20:55 CST" duration-ms="13064" status="PASS">
          <reporter-output>
          </reporter-output>
        </test-method> <!-- newWindowTest -->
        <test-method is-config="true" signature="closeBrowser()[pri:0, instance:com.herokuapp.theinternet.WindowsTests@37654521]" started-at="2022-07-19T14:20:55 CST" name="closeBrowser" finished-at="2022-07-19T14:20:56 CST" duration-ms="872" status="PASS">
          <reporter-output>
          </reporter-output>
        </test-method> <!-- closeBrowser -->
      </class> <!-- com.herokuapp.theinternet.WindowsTests -->
    </test> <!-- WindowsTests -->
    <test started-at="2022-07-19T14:20:56 CST" name="EditorTests" finished-at="2022-07-19T14:21:25 CST" duration-ms="28568">
      <class name="com.herokuapp.theinternet.EditorTests">
        <test-method is-config="true" signature="setUp(java.lang.reflect.Method,java.lang.String,java.lang.String,org.testng.ITestContext)[pri:0, instance:com.herokuapp.theinternet.EditorTests@3059cbc]" started-at="2022-07-19T14:20:56 CST" name="setUp" finished-at="2022-07-19T14:21:00 CST" duration-ms="3709" status="PASS">
          <params>
            <param index="0">
              <value>
                <![CDATA[public void com.herokuapp.theinternet.EditorTests.defaultEditorValueTest()]]>
              </value>
            </param>
            <param index="1">
              <value>
                <![CDATA[Firefox]]>
              </value>
            </param>
            <param index="2">
              <value is-null="true"/>
            </param>
            <param index="3">
              <value>
                <![CDATA[org.testng.TestRunner@17b6ad97]]>
              </value>
            </param>
          </params>
          <reporter-output>
          </reporter-output>
        </test-method> <!-- setUp -->
        <test-method signature="defaultEditorValueTest()[pri:0, instance:com.herokuapp.theinternet.EditorTests@3059cbc]" started-at="2022-07-19T14:21:00 CST" name="defaultEditorValueTest" finished-at="2022-07-19T14:21:24 CST" duration-ms="24042" status="PASS">
          <reporter-output>
          </reporter-output>
        </test-method> <!-- defaultEditorValueTest -->
        <test-method is-config="true" signature="closeBrowser()[pri:0, instance:com.herokuapp.theinternet.EditorTests@3059cbc]" started-at="2022-07-19T14:21:24 CST" name="closeBrowser" finished-at="2022-07-19T14:21:25 CST" duration-ms="816" status="PASS">
          <reporter-output>
          </reporter-output>
        </test-method> <!-- closeBrowser -->
      </class> <!-- com.herokuapp.theinternet.EditorTests -->
    </test> <!-- EditorTests -->
    <test started-at="2022-07-19T14:21:25 CST" name="FileUploadTests" finished-at="2022-07-19T14:21:55 CST" duration-ms="30785">
      <class name="com.herokuapp.theinternet.FileUploadTests">
        <test-method is-config="true" signature="setUp(java.lang.reflect.Method,java.lang.String,java.lang.String,org.testng.ITestContext)[pri:0, instance:com.herokuapp.theinternet.FileUploadTests@1e683a3e]" started-at="2022-07-19T14:21:25 CST" name="setUp" finished-at="2022-07-19T14:21:26 CST" duration-ms="1275" status="PASS">
          <params>
            <param index="0">
              <value>
                <![CDATA[public void com.herokuapp.theinternet.FileUploadTests.imageUploadTest()]]>
              </value>
            </param>
            <param index="1">
              <value>
                <![CDATA[Chrome]]>
              </value>
            </param>
            <param index="2">
              <value is-null="true"/>
            </param>
            <param index="3">
              <value>
                <![CDATA[org.testng.TestRunner@44fb6ebd]]>
              </value>
            </param>
          </params>
          <reporter-output>
          </reporter-output>
        </test-method> <!-- setUp -->
        <test-method signature="imageUploadTest()[pri:1, instance:com.herokuapp.theinternet.FileUploadTests@1e683a3e]" started-at="2022-07-19T14:21:26 CST" name="imageUploadTest" finished-at="2022-07-19T14:21:34 CST" duration-ms="8426" status="PASS">
          <reporter-output>
          </reporter-output>
        </test-method> <!-- imageUploadTest -->
        <test-method is-config="true" signature="closeBrowser()[pri:0, instance:com.herokuapp.theinternet.FileUploadTests@1e683a3e]" started-at="2022-07-19T14:21:34 CST" name="closeBrowser" finished-at="2022-07-19T14:21:35 CST" duration-ms="247" status="PASS">
          <reporter-output>
          </reporter-output>
        </test-method> <!-- closeBrowser -->
        <test-method is-config="true" signature="setUp(java.lang.reflect.Method,java.lang.String,java.lang.String,org.testng.ITestContext)[pri:0, instance:com.herokuapp.theinternet.FileUploadTests@1e683a3e]" started-at="2022-07-19T14:21:35 CST" name="setUp" finished-at="2022-07-19T14:21:36 CST" duration-ms="1217" status="PASS">
          <params>
            <param index="0">
              <value>
                <![CDATA[public void com.herokuapp.theinternet.FileUploadTests.uploadWithDataProviderTest(int,java.lang.String)]]>
              </value>
            </param>
            <param index="1">
              <value>
                <![CDATA[Chrome]]>
              </value>
            </param>
            <param index="2">
              <value is-null="true"/>
            </param>
            <param index="3">
              <value>
                <![CDATA[org.testng.TestRunner@44fb6ebd]]>
              </value>
            </param>
          </params>
          <reporter-output>
          </reporter-output>
        </test-method> <!-- setUp -->
        <test-method signature="uploadWithDataProviderTest(int,java.lang.String)[pri:2, instance:com.herokuapp.theinternet.FileUploadTests@1e683a3e]" started-at="2022-07-19T14:21:36 CST" name="uploadWithDataProviderTest" data-provider="Files" finished-at="2022-07-19T14:21:45 CST" duration-ms="8786" status="PASS">
          <params>
            <param index="0">
              <value>
                <![CDATA[1]]>
              </value>
            </param>
            <param index="1">
              <value>
                <![CDATA[Moscato.jpg]]>
              </value>
            </param>
          </params>
          <reporter-output>
          </reporter-output>
        </test-method> <!-- uploadWithDataProviderTest -->
        <test-method is-config="true" signature="closeBrowser()[pri:0, instance:com.herokuapp.theinternet.FileUploadTests@1e683a3e]" started-at="2022-07-19T14:21:45 CST" name="closeBrowser" finished-at="2022-07-19T14:21:45 CST" duration-ms="243" status="PASS">
          <reporter-output>
          </reporter-output>
        </test-method> <!-- closeBrowser -->
        <test-method is-config="true" signature="setUp(java.lang.reflect.Method,java.lang.String,java.lang.String,org.testng.ITestContext)[pri:0, instance:com.herokuapp.theinternet.FileUploadTests@1e683a3e]" started-at="2022-07-19T14:21:45 CST" name="setUp" finished-at="2022-07-19T14:21:46 CST" duration-ms="1083" status="PASS">
          <params>
            <param index="0">
              <value>
                <![CDATA[public void com.herokuapp.theinternet.FileUploadTests.uploadWithDataProviderTest(int,java.lang.String)]]>
              </value>
            </param>
            <param index="1">
              <value>
                <![CDATA[Chrome]]>
              </value>
            </param>
            <param index="2">
              <value is-null="true"/>
            </param>
            <param index="3">
              <value>
                <![CDATA[org.testng.TestRunner@44fb6ebd]]>
              </value>
            </param>
          </params>
          <reporter-output>
          </reporter-output>
        </test-method> <!-- setUp -->
        <test-method signature="uploadWithDataProviderTest(int,java.lang.String)[pri:2, instance:com.herokuapp.theinternet.FileUploadTests@1e683a3e]" started-at="2022-07-19T14:21:46 CST" name="uploadWithDataProviderTest" data-provider="Files" finished-at="2022-07-19T14:21:55 CST" duration-ms="9243" status="PASS">
          <params>
            <param index="0">
              <value>
                <![CDATA[2]]>
              </value>
            </param>
            <param index="1">
              <value>
                <![CDATA[sampletxt.txt]]>
              </value>
            </param>
          </params>
          <reporter-output>
          </reporter-output>
        </test-method> <!-- uploadWithDataProviderTest -->
        <test-method is-config="true" signature="closeBrowser()[pri:0, instance:com.herokuapp.theinternet.FileUploadTests@1e683a3e]" started-at="2022-07-19T14:21:55 CST" name="closeBrowser" finished-at="2022-07-19T14:21:55 CST" duration-ms="256" status="PASS">
          <reporter-output>
          </reporter-output>
        </test-method> <!-- closeBrowser -->
      </class> <!-- com.herokuapp.theinternet.FileUploadTests -->
    </test> <!-- FileUploadTests -->
  </suite> <!-- LoginTestSuite -->
</testng-results>
